<?xml version="1.0" encoding="UTF-8"?>
<!-- Generated by org.testng.reporters.JUnitXMLReporter -->
<testsuite ignored="0" hostname="LAPTOP-ECTHVS1P" failures="0" tests="4" name="ChromeTest" time="60.446" errors="0" timestamp="22 May 2021 13:31:03 GMT">
  <testcase classname="testcases.RegressionTest" name="launchURL" time="19.316"/>
  <testcase classname="testcases.RegressionTest" name="upBikes" time="15.681"/>
  <testcase classname="testcases.RegressionTest" name="usedCars" time="15.703"/>
  <testcase classname="testcases.RegressionTest" name="googleSignIn" time="8.187"/>
</testsuite> <!-- ChromeTest -->
