<?xml version="1.0" encoding="UTF-8"?>
<!-- Generated by org.testng.reporters.JUnitXMLReporter -->
<testsuite ignored="0" hostname="LAPTOP-ECTHVS1P" failures="0" tests="4" name="EdgeTest" time="75.403" errors="0" timestamp="22 May 2021 13:32:19 GMT">
  <testcase classname="testcases.RegressionTest" name="launchURL" time="29.303"/>
  <testcase classname="testcases.RegressionTest" name="upBikes" time="14.946"/>
  <testcase classname="testcases.RegressionTest" name="usedCars" time="19.311"/>
  <testcase classname="testcases.RegressionTest" name="googleSignIn" time="10.237"/>
</testsuite> <!-- EdgeTest -->
